<?xml version="1.0" encoding="utf-8"?><testsuites><testsuite name="pytest" errors="0" failures="0" skipped="0" tests="5" time="1.104" timestamp="2022-11-30T15:38:25.888403" hostname="Enver-Yasar---AMS---MBP"><testcase classname="tests.test_sample" name="test_GET_top_rated_movies" time="0.350" /><testcase classname="tests.test_sample" name="test_GET_incorrect_api_key_401" time="0.178" /><testcase classname="tests.test_sample" name="test_GET_Should_not_top_rated_movies_with_page_0" time="0.193" /><testcase classname="tests.test_sample" name="test_GET_Should_top_rated_movies_with_max_page" time="0.087" /><testcase classname="tests.test_sample" name="test_GET_Should_top_rated_movies_with_random_page_between_1_500" time="0.211" /></testsuite></testsuites>